[2025-01-27 14:04:30,993] INFO [Controller id=0 epoch=2] Sending UpdateMetadata request to brokers Set(0) for 0 partitions (state.change.logger)
[2025-01-27 14:04:40,444] INFO [Controller id=0 epoch=2] Sending LeaderAndIsr request to broker 0 with 51 become-leader and 0 become-follower partitions (state.change.logger)
[2025-01-27 14:04:40,682] INFO [Controller id=0 epoch=2] Sending UpdateMetadata request to brokers Set(0) for 51 partitions (state.change.logger)
[2025-01-27 14:04:41,445] INFO [Broker id=0] Handling LeaderAndIsr request correlationId 1 from controller 0 for 51 partitions (state.change.logger)
[2025-01-27 14:04:42,430] INFO [Broker id=0] Ignoring LeaderAndIsr request from controller 0 with correlation id 1 epoch 2 for partition launch-0 since its associated leader epoch 0 matches the current leader epoch (state.change.logger)
[2025-01-27 14:04:42,431] INFO [Broker id=0] Ignoring LeaderAndIsr request from controller 0 with correlation id 1 epoch 2 for partition __consumer_offsets-49 since its associated leader epoch 0 matches the current leader epoch (state.change.logger)
[2025-01-27 14:04:42,431] INFO [Broker id=0] Ignoring LeaderAndIsr request from controller 0 with correlation id 1 epoch 2 for partition __consumer_offsets-38 since its associated leader epoch 0 matches the current leader epoch (state.change.logger)
[2025-01-27 14:04:42,432] INFO [Broker id=0] Ignoring LeaderAndIsr request from controller 0 with correlation id 1 epoch 2 for partition __consumer_offsets-27 since its associated leader epoch 0 matches the current leader epoch (state.change.logger)
[2025-01-27 14:04:42,432] INFO [Broker id=0] Ignoring LeaderAndIsr request from controller 0 with correlation id 1 epoch 2 for partition __consumer_offsets-16 since its associated leader epoch 0 matches the current leader epoch (state.change.logger)
[2025-01-27 14:04:42,433] INFO [Broker id=0] Ignoring LeaderAndIsr request from controller 0 with correlation id 1 epoch 2 for partition __consumer_offsets-8 since its associated leader epoch 0 matches the current leader epoch (state.change.logger)
[2025-01-27 14:04:42,433] INFO [Broker id=0] Ignoring LeaderAndIsr request from controller 0 with correlation id 1 epoch 2 for partition __consumer_offsets-19 since its associated leader epoch 0 matches the current leader epoch (state.change.logger)
[2025-01-27 14:04:42,434] INFO [Broker id=0] Ignoring LeaderAndIsr request from controller 0 with correlation id 1 epoch 2 for partition __consumer_offsets-13 since its associated leader epoch 0 matches the current leader epoch (state.change.logger)
[2025-01-27 14:04:42,435] INFO [Broker id=0] Ignoring LeaderAndIsr request from controller 0 with correlation id 1 epoch 2 for partition __consumer_offsets-2 since its associated leader epoch 0 matches the current leader epoch (state.change.logger)
[2025-01-27 14:04:42,435] INFO [Broker id=0] Ignoring LeaderAndIsr request from controller 0 with correlation id 1 epoch 2 for partition __consumer_offsets-46 since its associated leader epoch 0 matches the current leader epoch (state.change.logger)
[2025-01-27 14:04:42,435] INFO [Broker id=0] Ignoring LeaderAndIsr request from controller 0 with correlation id 1 epoch 2 for partition __consumer_offsets-35 since its associated leader epoch 0 matches the current leader epoch (state.change.logger)
[2025-01-27 14:04:42,435] INFO [Broker id=0] Ignoring LeaderAndIsr request from controller 0 with correlation id 1 epoch 2 for partition __consumer_offsets-24 since its associated leader epoch 0 matches the current leader epoch (state.change.logger)
[2025-01-27 14:04:42,435] INFO [Broker id=0] Ignoring LeaderAndIsr request from controller 0 with correlation id 1 epoch 2 for partition __consumer_offsets-5 since its associated leader epoch 0 matches the current leader epoch (state.change.logger)
[2025-01-27 14:04:42,436] INFO [Broker id=0] Ignoring LeaderAndIsr request from controller 0 with correlation id 1 epoch 2 for partition __consumer_offsets-43 since its associated leader epoch 0 matches the current leader epoch (state.change.logger)
[2025-01-27 14:04:42,438] INFO [Broker id=0] Ignoring LeaderAndIsr request from controller 0 with correlation id 1 epoch 2 for partition __consumer_offsets-32 since its associated leader epoch 0 matches the current leader epoch (state.change.logger)
[2025-01-27 14:04:42,438] INFO [Broker id=0] Ignoring LeaderAndIsr request from controller 0 with correlation id 1 epoch 2 for partition __consumer_offsets-21 since its associated leader epoch 0 matches the current leader epoch (state.change.logger)
[2025-01-27 14:04:42,439] INFO [Broker id=0] Ignoring LeaderAndIsr request from controller 0 with correlation id 1 epoch 2 for partition __consumer_offsets-10 since its associated leader epoch 0 matches the current leader epoch (state.change.logger)
[2025-01-27 14:04:42,439] INFO [Broker id=0] Ignoring LeaderAndIsr request from controller 0 with correlation id 1 epoch 2 for partition __consumer_offsets-37 since its associated leader epoch 0 matches the current leader epoch (state.change.logger)
[2025-01-27 14:04:42,439] INFO [Broker id=0] Ignoring LeaderAndIsr request from controller 0 with correlation id 1 epoch 2 for partition __consumer_offsets-48 since its associated leader epoch 0 matches the current leader epoch (state.change.logger)
[2025-01-27 14:04:42,440] INFO [Broker id=0] Ignoring LeaderAndIsr request from controller 0 with correlation id 1 epoch 2 for partition __consumer_offsets-40 since its associated leader epoch 0 matches the current leader epoch (state.change.logger)
[2025-01-27 14:04:42,441] INFO [Broker id=0] Ignoring LeaderAndIsr request from controller 0 with correlation id 1 epoch 2 for partition __consumer_offsets-29 since its associated leader epoch 0 matches the current leader epoch (state.change.logger)
[2025-01-27 14:04:42,441] INFO [Broker id=0] Ignoring LeaderAndIsr request from controller 0 with correlation id 1 epoch 2 for partition __consumer_offsets-18 since its associated leader epoch 0 matches the current leader epoch (state.change.logger)
[2025-01-27 14:04:42,442] INFO [Broker id=0] Ignoring LeaderAndIsr request from controller 0 with correlation id 1 epoch 2 for partition __consumer_offsets-7 since its associated leader epoch 0 matches the current leader epoch (state.change.logger)
[2025-01-27 14:04:42,442] INFO [Broker id=0] Ignoring LeaderAndIsr request from controller 0 with correlation id 1 epoch 2 for partition __consumer_offsets-23 since its associated leader epoch 0 matches the current leader epoch (state.change.logger)
[2025-01-27 14:04:42,443] INFO [Broker id=0] Ignoring LeaderAndIsr request from controller 0 with correlation id 1 epoch 2 for partition __consumer_offsets-34 since its associated leader epoch 0 matches the current leader epoch (state.change.logger)
[2025-01-27 14:04:42,443] INFO [Broker id=0] Ignoring LeaderAndIsr request from controller 0 with correlation id 1 epoch 2 for partition __consumer_offsets-45 since its associated leader epoch 0 matches the current leader epoch (state.change.logger)
[2025-01-27 14:04:42,444] INFO [Broker id=0] Ignoring LeaderAndIsr request from controller 0 with correlation id 1 epoch 2 for partition __consumer_offsets-26 since its associated leader epoch 0 matches the current leader epoch (state.change.logger)
[2025-01-27 14:04:42,444] INFO [Broker id=0] Ignoring LeaderAndIsr request from controller 0 with correlation id 1 epoch 2 for partition __consumer_offsets-4 since its associated leader epoch 0 matches the current leader epoch (state.change.logger)
[2025-01-27 14:04:42,444] INFO [Broker id=0] Ignoring LeaderAndIsr request from controller 0 with correlation id 1 epoch 2 for partition __consumer_offsets-15 since its associated leader epoch 0 matches the current leader epoch (state.change.logger)
[2025-01-27 14:04:42,451] INFO [Broker id=0] Ignoring LeaderAndIsr request from controller 0 with correlation id 1 epoch 2 for partition __consumer_offsets-42 since its associated leader epoch 0 matches the current leader epoch (state.change.logger)
[2025-01-27 14:04:42,451] INFO [Broker id=0] Ignoring LeaderAndIsr request from controller 0 with correlation id 1 epoch 2 for partition __consumer_offsets-20 since its associated leader epoch 0 matches the current leader epoch (state.change.logger)
[2025-01-27 14:04:42,451] INFO [Broker id=0] Ignoring LeaderAndIsr request from controller 0 with correlation id 1 epoch 2 for partition __consumer_offsets-31 since its associated leader epoch 0 matches the current leader epoch (state.change.logger)
[2025-01-27 14:04:42,452] INFO [Broker id=0] Ignoring LeaderAndIsr request from controller 0 with correlation id 1 epoch 2 for partition __consumer_offsets-9 since its associated leader epoch 0 matches the current leader epoch (state.change.logger)
[2025-01-27 14:04:42,454] INFO [Broker id=0] Ignoring LeaderAndIsr request from controller 0 with correlation id 1 epoch 2 for partition __consumer_offsets-1 since its associated leader epoch 0 matches the current leader epoch (state.change.logger)
[2025-01-27 14:04:42,454] INFO [Broker id=0] Ignoring LeaderAndIsr request from controller 0 with correlation id 1 epoch 2 for partition __consumer_offsets-12 since its associated leader epoch 0 matches the current leader epoch (state.change.logger)
[2025-01-27 14:04:42,455] INFO [Broker id=0] Ignoring LeaderAndIsr request from controller 0 with correlation id 1 epoch 2 for partition __consumer_offsets-28 since its associated leader epoch 0 matches the current leader epoch (state.change.logger)
[2025-01-27 14:04:42,458] INFO [Broker id=0] Ignoring LeaderAndIsr request from controller 0 with correlation id 1 epoch 2 for partition __consumer_offsets-17 since its associated leader epoch 0 matches the current leader epoch (state.change.logger)
[2025-01-27 14:04:42,458] INFO [Broker id=0] Ignoring LeaderAndIsr request from controller 0 with correlation id 1 epoch 2 for partition __consumer_offsets-6 since its associated leader epoch 0 matches the current leader epoch (state.change.logger)
[2025-01-27 14:04:42,460] INFO [Broker id=0] Ignoring LeaderAndIsr request from controller 0 with correlation id 1 epoch 2 for partition __consumer_offsets-39 since its associated leader epoch 0 matches the current leader epoch (state.change.logger)
[2025-01-27 14:04:42,460] INFO [Broker id=0] Ignoring LeaderAndIsr request from controller 0 with correlation id 1 epoch 2 for partition __consumer_offsets-44 since its associated leader epoch 0 matches the current leader epoch (state.change.logger)
[2025-01-27 14:04:42,460] INFO [Broker id=0] Ignoring LeaderAndIsr request from controller 0 with correlation id 1 epoch 2 for partition __consumer_offsets-47 since its associated leader epoch 0 matches the current leader epoch (state.change.logger)
[2025-01-27 14:04:42,460] INFO [Broker id=0] Ignoring LeaderAndIsr request from controller 0 with correlation id 1 epoch 2 for partition __consumer_offsets-36 since its associated leader epoch 0 matches the current leader epoch (state.change.logger)
[2025-01-27 14:04:42,460] INFO [Broker id=0] Ignoring LeaderAndIsr request from controller 0 with correlation id 1 epoch 2 for partition __consumer_offsets-14 since its associated leader epoch 0 matches the current leader epoch (state.change.logger)
[2025-01-27 14:04:42,460] INFO [Broker id=0] Ignoring LeaderAndIsr request from controller 0 with correlation id 1 epoch 2 for partition __consumer_offsets-25 since its associated leader epoch 0 matches the current leader epoch (state.change.logger)
[2025-01-27 14:04:42,460] INFO [Broker id=0] Ignoring LeaderAndIsr request from controller 0 with correlation id 1 epoch 2 for partition __consumer_offsets-3 since its associated leader epoch 0 matches the current leader epoch (state.change.logger)
[2025-01-27 14:04:42,461] INFO [Broker id=0] Ignoring LeaderAndIsr request from controller 0 with correlation id 1 epoch 2 for partition __consumer_offsets-41 since its associated leader epoch 0 matches the current leader epoch (state.change.logger)
[2025-01-27 14:04:42,461] INFO [Broker id=0] Ignoring LeaderAndIsr request from controller 0 with correlation id 1 epoch 2 for partition __consumer_offsets-30 since its associated leader epoch 0 matches the current leader epoch (state.change.logger)
[2025-01-27 14:04:42,462] INFO [Broker id=0] Ignoring LeaderAndIsr request from controller 0 with correlation id 1 epoch 2 for partition __consumer_offsets-22 since its associated leader epoch 0 matches the current leader epoch (state.change.logger)
[2025-01-27 14:04:42,463] INFO [Broker id=0] Ignoring LeaderAndIsr request from controller 0 with correlation id 1 epoch 2 for partition __consumer_offsets-11 since its associated leader epoch 0 matches the current leader epoch (state.change.logger)
[2025-01-27 14:04:42,463] INFO [Broker id=0] Ignoring LeaderAndIsr request from controller 0 with correlation id 1 epoch 2 for partition __consumer_offsets-33 since its associated leader epoch 0 matches the current leader epoch (state.change.logger)
[2025-01-27 14:04:42,464] INFO [Broker id=0] Ignoring LeaderAndIsr request from controller 0 with correlation id 1 epoch 2 for partition __consumer_offsets-0 since its associated leader epoch 0 matches the current leader epoch (state.change.logger)
[2025-01-27 14:04:43,787] INFO [Broker id=0] Add 51 partitions and deleted 0 partitions from metadata cache in response to UpdateMetadata request sent by controller 0 epoch 2 with correlation id 2 (state.change.logger)
